<?xml version="1.0" encoding="utf-8"?><testsuites><testsuite errors="0" failures="0" hostname="d-murphy.local" name="anthemtests" skipped="0" tests="3" time="67.576" timestamp="2019-12-09T14:07:09.910858"><testcase classname="testcases.anthemtests.test_add_body_gallery.AddBodyGallery" file="testcases/anthemtests/test_add_body_gallery.py" line="16" name="test_add_body_gallery" time="28.725"></testcase><testcase classname="testcases.anthemtests.test_create_new_story.CreateNewStory" file="testcases/anthemtests/test_create_new_story.py" line="16" name="test_create_new_story" time="22.291"></testcase><testcase classname="testcases.anthemtests.test_edit_existing_article.AddToGroup" file="testcases/anthemtests/test_edit_existing_article.py" line="16" name="test_edit_existing_article" time="15.988"></testcase></testsuite></testsuites>